{"C:\\Users\\kelvi\\OneDrive\\Área de Trabalho\\space-tourism\\src\\App.tsx": {"path":"C:\\Users\\kelvi\\OneDrive\\Área de Trabalho\\space-tourism\\src\\App.tsx","statementMap":{"0":{"start":{"line":1,"column":0},"end":{"line":1,"column":36}},"1":{"start":{"line":4,"column":2},"end":{"line":4,"column":18}},"2":{"start":{"line":7,"column":0},"end":{"line":7,"column":19}}},"fnMap":{"0":{"name":"App","decl":{"start":{"line":3,"column":9},"end":{"line":3,"column":12}},"loc":{"start":{"line":3,"column":12},"end":{"line":5,"column":1}}}},"branchMap":{},"s":{"0":0,"1":0,"2":0},"f":{"0":0},"b":{}}
,"C:\\Users\\kelvi\\OneDrive\\Área de Trabalho\\space-tourism\\src\\main.tsx": {"path":"C:\\Users\\kelvi\\OneDrive\\Área de Trabalho\\space-tourism\\src\\main.tsx","statementMap":{"0":{"start":{"line":1,"column":0},"end":{"line":1,"column":26}},"1":{"start":{"line":2,"column":0},"end":{"line":2,"column":40}},"2":{"start":{"line":3,"column":0},"end":{"line":3,"column":28}},"3":{"start":{"line":4,"column":0},"end":{"line":4,"column":50}},"4":{"start":{"line":5,"column":0},"end":{"line":5,"column":42}},"5":{"start":{"line":6,"column":0},"end":{"line":6,"column":51}},"6":{"start":{"line":8,"column":0},"end":{"line":15,"column":2}}},"fnMap":{},"branchMap":{},"s":{"0":0,"1":0,"2":0,"3":0,"4":0,"5":0,"6":0},"f":{},"b":{}}
,"C:\\Users\\kelvi\\OneDrive\\Área de Trabalho\\space-tourism\\src\\vite-env.d.ts": {"path":"C:\\Users\\kelvi\\OneDrive\\Área de Trabalho\\space-tourism\\src\\vite-env.d.ts","statementMap":{},"fnMap":{},"branchMap":{},"s":{},"f":{},"b":{}}
,"C:\\Users\\kelvi\\OneDrive\\Área de Trabalho\\space-tourism\\src\\components\\Button\\Button.styles.ts": {"path":"C:\\Users\\kelvi\\OneDrive\\Área de Trabalho\\space-tourism\\src\\components\\Button\\Button.styles.ts","statementMap":{"0":{"start":{"line":1,"column":0},"end":{"line":1,"column":48}},"1":{"start":{"line":5,"column":19},"end":{"line":64,"column":2}},"2":{"start":{"line":9,"column":39},"end":{"line":9,"column":57}},"3":{"start":{"line":11,"column":28},"end":{"line":11,"column":48}},"4":{"start":{"line":14,"column":48},"end":{"line":14,"column":66}},"5":{"start":{"line":25,"column":39},"end":{"line":25,"column":59}},"6":{"start":{"line":30,"column":41},"end":{"line":30,"column":58}},"7":{"start":{"line":34,"column":41},"end":{"line":34,"column":59}},"8":{"start":{"line":46,"column":39},"end":{"line":46,"column":59}},"9":{"start":{"line":47,"column":28},"end":{"line":47,"column":46}},"10":{"start":{"line":50,"column":37},"end":{"line":50,"column":55}},"11":{"start":{"line":54,"column":41},"end":{"line":54,"column":59}},"12":{"start":{"line":55,"column":30},"end":{"line":55,"column":48}},"13":{"start":{"line":56,"column":30},"end":{"line":56,"column":50}},"14":{"start":{"line":66,"column":13},"end":{"line":84,"column":2}},"15":{"start":{"line":67,"column":23},"end":{"line":67,"column":57}},"16":{"start":{"line":78,"column":32},"end":{"line":78,"column":51}},"17":{"start":{"line":81,"column":34},"end":{"line":81,"column":53}}},"fnMap":{"0":{"name":"(anonymous_6)","decl":{"start":{"line":9,"column":24},"end":{"line":9,"column":25}},"loc":{"start":{"line":9,"column":39},"end":{"line":9,"column":57}}},"1":{"name":"(anonymous_7)","decl":{"start":{"line":11,"column":13},"end":{"line":11,"column":14}},"loc":{"start":{"line":11,"column":28},"end":{"line":11,"column":48}}},"2":{"name":"(anonymous_8)","decl":{"start":{"line":14,"column":33},"end":{"line":14,"column":34}},"loc":{"start":{"line":14,"column":48},"end":{"line":14,"column":66}}},"3":{"name":"(anonymous_9)","decl":{"start":{"line":25,"column":24},"end":{"line":25,"column":25}},"loc":{"start":{"line":25,"column":39},"end":{"line":25,"column":59}}},"4":{"name":"(anonymous_10)","decl":{"start":{"line":30,"column":26},"end":{"line":30,"column":27}},"loc":{"start":{"line":30,"column":41},"end":{"line":30,"column":58}}},"5":{"name":"(anonymous_11)","decl":{"start":{"line":34,"column":26},"end":{"line":34,"column":27}},"loc":{"start":{"line":34,"column":41},"end":{"line":34,"column":59}}},"6":{"name":"(anonymous_12)","decl":{"start":{"line":46,"column":24},"end":{"line":46,"column":25}},"loc":{"start":{"line":46,"column":39},"end":{"line":46,"column":59}}},"7":{"name":"(anonymous_13)","decl":{"start":{"line":47,"column":13},"end":{"line":47,"column":14}},"loc":{"start":{"line":47,"column":28},"end":{"line":47,"column":46}}},"8":{"name":"(anonymous_14)","decl":{"start":{"line":50,"column":22},"end":{"line":50,"column":23}},"loc":{"start":{"line":50,"column":37},"end":{"line":50,"column":55}}},"9":{"name":"(anonymous_15)","decl":{"start":{"line":54,"column":26},"end":{"line":54,"column":27}},"loc":{"start":{"line":54,"column":41},"end":{"line":54,"column":59}}},"10":{"name":"(anonymous_16)","decl":{"start":{"line":55,"column":15},"end":{"line":55,"column":16}},"loc":{"start":{"line":55,"column":30},"end":{"line":55,"column":48}}},"11":{"name":"(anonymous_17)","decl":{"start":{"line":56,"column":15},"end":{"line":56,"column":16}},"loc":{"start":{"line":56,"column":30},"end":{"line":56,"column":50}}},"12":{"name":"(anonymous_18)","decl":{"start":{"line":67,"column":4},"end":{"line":67,"column":5}},"loc":{"start":{"line":67,"column":23},"end":{"line":67,"column":57}}},"13":{"name":"(anonymous_19)","decl":{"start":{"line":78,"column":17},"end":{"line":78,"column":18}},"loc":{"start":{"line":78,"column":32},"end":{"line":78,"column":51}}},"14":{"name":"(anonymous_20)","decl":{"start":{"line":81,"column":19},"end":{"line":81,"column":20}},"loc":{"start":{"line":81,"column":34},"end":{"line":81,"column":53}}}},"branchMap":{"0":{"loc":{"start":{"line":67,"column":23},"end":{"line":67,"column":57}},"type":"binary-expr","locations":[{"start":{"line":67,"column":23},"end":{"line":67,"column":32}},{"start":{"line":67,"column":36},"end":{"line":67,"column":57}}]}},"s":{"0":1,"1":1,"2":3,"3":3,"4":3,"5":1,"6":1,"7":1,"8":1,"9":1,"10":1,"11":1,"12":1,"13":1,"14":1,"15":5,"16":5,"17":5},"f":{"0":3,"1":3,"2":3,"3":1,"4":1,"5":1,"6":1,"7":1,"8":1,"9":1,"10":1,"11":1,"12":5,"13":5,"14":5},"b":{"0":[5,5]}}
,"C:\\Users\\kelvi\\OneDrive\\Área de Trabalho\\space-tourism\\src\\components\\Button\\Button.tsx": {"path":"C:\\Users\\kelvi\\OneDrive\\Área de Trabalho\\space-tourism\\src\\components\\Button\\Button.tsx","statementMap":{"0":{"start":{"line":1,"column":0},"end":{"line":1,"column":37}},"1":{"start":{"line":4,"column":22},"end":{"line":14,"column":1}},"2":{"start":{"line":9,"column":2},"end":{"line":13,"column":4}},"3":{"start":{"line":4,"column":13},"end":{"line":4,"column":22}}},"fnMap":{"0":{"name":"(anonymous_6)","decl":{"start":{"line":4,"column":22},"end":{"line":4,"column":23}},"loc":{"start":{"line":8,"column":20},"end":{"line":14,"column":1}}}},"branchMap":{"0":{"loc":{"start":{"line":6,"column":2},"end":{"line":6,"column":23}},"type":"default-arg","locations":[{"start":{"line":6,"column":14},"end":{"line":6,"column":23}}]}},"s":{"0":1,"1":1,"2":5,"3":1},"f":{"0":5},"b":{"0":[3]}}
,"C:\\Users\\kelvi\\OneDrive\\Área de Trabalho\\space-tourism\\src\\components\\Button\\index.ts": {"path":"C:\\Users\\kelvi\\OneDrive\\Área de Trabalho\\space-tourism\\src\\components\\Button\\index.ts","statementMap":{"0":{"start":{"line":1,"column":0},"end":{"line":1,"column":25}}},"fnMap":{},"branchMap":{},"s":{"0":0},"f":{},"b":{}}
,"C:\\Users\\kelvi\\OneDrive\\Área de Trabalho\\space-tourism\\src\\components\\_Model\\Models.styles.ts": {"path":"C:\\Users\\kelvi\\OneDrive\\Área de Trabalho\\space-tourism\\src\\components\\_Model\\Models.styles.ts","statementMap":{"0":{"start":{"line":1,"column":0},"end":{"line":1,"column":39}},"1":{"start":{"line":3,"column":13},"end":{"line":3,"column":38}}},"fnMap":{},"branchMap":{},"s":{"0":1,"1":1},"f":{},"b":{}}
,"C:\\Users\\kelvi\\OneDrive\\Área de Trabalho\\space-tourism\\src\\components\\_Model\\Models.tsx": {"path":"C:\\Users\\kelvi\\OneDrive\\Área de Trabalho\\space-tourism\\src\\components\\_Model\\Models.tsx","statementMap":{"0":{"start":{"line":1,"column":0},"end":{"line":1,"column":37}},"1":{"start":{"line":4,"column":21},"end":{"line":6,"column":1}},"2":{"start":{"line":5,"column":2},"end":{"line":5,"column":47}},"3":{"start":{"line":4,"column":13},"end":{"line":4,"column":21}}},"fnMap":{"0":{"name":"(anonymous_6)","decl":{"start":{"line":4,"column":21},"end":{"line":4,"column":22}},"loc":{"start":{"line":4,"column":52},"end":{"line":6,"column":1}}}},"branchMap":{},"s":{"0":1,"1":1,"2":1,"3":1},"f":{"0":1},"b":{}}
,"C:\\Users\\kelvi\\OneDrive\\Área de Trabalho\\space-tourism\\src\\components\\_Model\\index.ts": {"path":"C:\\Users\\kelvi\\OneDrive\\Área de Trabalho\\space-tourism\\src\\components\\_Model\\index.ts","statementMap":{"0":{"start":{"line":1,"column":0},"end":{"line":1,"column":25}}},"fnMap":{},"branchMap":{},"s":{"0":0},"f":{},"b":{}}
,"C:\\Users\\kelvi\\OneDrive\\Área de Trabalho\\space-tourism\\src\\pages\\Home\\index.tsx": {"path":"C:\\Users\\kelvi\\OneDrive\\Área de Trabalho\\space-tourism\\src\\pages\\Home\\index.tsx","statementMap":{"0":{"start":{"line":1,"column":0},"end":{"line":1,"column":49}},"1":{"start":{"line":2,"column":0},"end":{"line":2,"column":30}},"2":{"start":{"line":4,"column":20},"end":{"line":23,"column":1}},"3":{"start":{"line":5,"column":2},"end":{"line":22,"column":4}},"4":{"start":{"line":4,"column":13},"end":{"line":4,"column":20}}},"fnMap":{"0":{"name":"(anonymous_6)","decl":{"start":{"line":4,"column":20},"end":{"line":4,"column":23}},"loc":{"start":{"line":4,"column":25},"end":{"line":23,"column":1}}}},"branchMap":{},"s":{"0":0,"1":0,"2":0,"3":0,"4":0},"f":{"0":0},"b":{}}
,"C:\\Users\\kelvi\\OneDrive\\Área de Trabalho\\space-tourism\\src\\pages\\Home\\styles.ts": {"path":"C:\\Users\\kelvi\\OneDrive\\Área de Trabalho\\space-tourism\\src\\pages\\Home\\styles.ts","statementMap":{"0":{"start":{"line":1,"column":0},"end":{"line":1,"column":39}},"1":{"start":{"line":3,"column":13},"end":{"line":10,"column":2}},"2":{"start":{"line":4,"column":37},"end":{"line":4,"column":57}},"3":{"start":{"line":12,"column":13},"end":{"line":17,"column":2}},"4":{"start":{"line":13,"column":26},"end":{"line":13,"column":44}},"5":{"start":{"line":14,"column":32},"end":{"line":14,"column":60}},"6":{"start":{"line":15,"column":32},"end":{"line":15,"column":57}},"7":{"start":{"line":16,"column":30},"end":{"line":16,"column":52}}},"fnMap":{"0":{"name":"(anonymous_1)","decl":{"start":{"line":4,"column":22},"end":{"line":4,"column":23}},"loc":{"start":{"line":4,"column":37},"end":{"line":4,"column":57}}},"1":{"name":"(anonymous_2)","decl":{"start":{"line":13,"column":11},"end":{"line":13,"column":12}},"loc":{"start":{"line":13,"column":26},"end":{"line":13,"column":44}}},"2":{"name":"(anonymous_3)","decl":{"start":{"line":14,"column":17},"end":{"line":14,"column":18}},"loc":{"start":{"line":14,"column":32},"end":{"line":14,"column":60}}},"3":{"name":"(anonymous_4)","decl":{"start":{"line":15,"column":17},"end":{"line":15,"column":18}},"loc":{"start":{"line":15,"column":32},"end":{"line":15,"column":57}}},"4":{"name":"(anonymous_5)","decl":{"start":{"line":16,"column":15},"end":{"line":16,"column":16}},"loc":{"start":{"line":16,"column":30},"end":{"line":16,"column":52}}}},"branchMap":{},"s":{"0":0,"1":0,"2":0,"3":0,"4":0,"5":0,"6":0,"7":0},"f":{"0":0,"1":0,"2":0,"3":0,"4":0},"b":{}}
,"C:\\Users\\kelvi\\OneDrive\\Área de Trabalho\\space-tourism\\src\\styles\\globals.ts": {"path":"C:\\Users\\kelvi\\OneDrive\\Área de Trabalho\\space-tourism\\src\\styles\\globals.ts","statementMap":{"0":{"start":{"line":1,"column":0},"end":{"line":1,"column":54}},"1":{"start":{"line":3,"column":13},"end":{"line":30,"column":2}},"2":{"start":{"line":9,"column":38},"end":{"line":9,"column":64}},"3":{"start":{"line":10,"column":38},"end":{"line":10,"column":64}}},"fnMap":{"0":{"name":"(anonymous_0)","decl":{"start":{"line":9,"column":23},"end":{"line":9,"column":24}},"loc":{"start":{"line":9,"column":38},"end":{"line":9,"column":64}}},"1":{"name":"(anonymous_1)","decl":{"start":{"line":10,"column":23},"end":{"line":10,"column":24}},"loc":{"start":{"line":10,"column":38},"end":{"line":10,"column":64}}}},"branchMap":{},"s":{"0":0,"1":0,"2":0,"3":0},"f":{"0":0,"1":0},"b":{}}
,"C:\\Users\\kelvi\\OneDrive\\Área de Trabalho\\space-tourism\\src\\styles\\theme.ts": {"path":"C:\\Users\\kelvi\\OneDrive\\Área de Trabalho\\space-tourism\\src\\styles\\theme.ts","statementMap":{"0":{"start":{"line":3,"column":15},"end":{"line":7,"column":2}},"1":{"start":{"line":9,"column":13},"end":{"line":46,"column":2}}},"fnMap":{},"branchMap":{},"s":{"0":1,"1":1},"f":{},"b":{}}
,"C:\\Users\\kelvi\\OneDrive\\Área de Trabalho\\space-tourism\\src\\types\\theme.d.ts": {"path":"C:\\Users\\kelvi\\OneDrive\\Área de Trabalho\\space-tourism\\src\\types\\theme.d.ts","statementMap":{},"fnMap":{},"branchMap":{},"s":{},"f":{},"b":{}}
}
